<?xml version="1.0" encoding="UTF-8"?>
<!-- Generated by org.testng.reporters.JUnitReportReporter -->
<testsuite hostname="Aswathy" failures="0" tests="3" name="org.obs.testngbasics.com.LoginPageTest" time="26.102" errors="0" timestamp="2023-09-13T19:51:30 IST" skipped="0">
  <testcase classname="org.obs.testngbasics.com.LoginPageTest" name="verifyInvalidUserLogin" time="7.412"/>
  <testcase classname="org.obs.testngbasics.com.LoginPageTest" name="verifyInvalidUserLogin" time="7.936"/>
  <testcase classname="org.obs.testngbasics.com.LoginPageTest" name="verifyInvalidUserLogin" time="10.754"/>
</testsuite> <!-- org.obs.testngbasics.com.LoginPageTest -->
