<?xml version="1.0" encoding="UTF-8"?>
<!-- Generated by org.testng.reporters.JUnitReportReporter -->
<testsuite hostname="Aswathy" failures="0" tests="2" name="org.obs.testngbasics.com.HomePageTest" time="14.942" errors="0" timestamp="2023-09-08T21:09:28 IST" skipped="0">
  <testcase classname="org.obs.testngbasics.com.HomePageTest" name="verifyHomePageTitle" time="5.552"/>
  <testcase classname="org.obs.testngbasics.com.HomePageTest" name="verifyHomePageTitle" time="9.390"/>
</testsuite> <!-- org.obs.testngbasics.com.HomePageTest -->
