<?xml version="1.0" encoding="UTF-8"?>
<!-- Generated by org.testng.reporters.JUnitReportReporter -->
<testsuite hostname="Aswathy" failures="0" tests="2" name="org.obs.testngbasics.com.RegisterPageTest" time="18.037" errors="0" timestamp="2023-09-08T21:09:28 IST" skipped="0">
  <testcase classname="org.obs.testngbasics.com.RegisterPageTest" name="verifyRegisterPage" time="9.208"/>
  <testcase classname="org.obs.testngbasics.com.RegisterPageTest" name="verifyRegisterPage" time="8.829"/>
</testsuite> <!-- org.obs.testngbasics.com.RegisterPageTest -->
